<?xml version="1.0" encoding="UTF-8"?>
<!-- Generated by org.testng.reporters.JUnitXMLReporter -->
<testsuite ignored="0" hostname="DESKTOP-KM3AB7J" failures="0" tests="3" name="Default test" time="0.082" errors="0" timestamp="2022-06-01T19:47:53 IST">
  <testcase classname="Testpack.TestNg" name="@BeforeTest launchBrowser" time="-1.654093073727E9">
    <failure type="org.testng.TestNGException" message="
Parameter &amp;apos;browser&amp;apos; is required by BeforeTest on method launchBrowser but has not been marked @Optional or defined
in C:\Users\Dell\AppData\Local\Temp\testng-eclipse--474152765\testng-customsuite.xml">
      <![CDATA[org.testng.TestNGException: 
Parameter 'browser' is required by BeforeTest on method launchBrowser but has not been marked @Optional or defined
in C:\Users\Dell\AppData\Local\Temp\testng-eclipse--474152765\testng-customsuite.xml
at org.testng.internal.Parameters.createParams(Parameters.java:270)
at org.testng.internal.Parameters.createParametersForMethod(Parameters.java:358)
at org.testng.internal.Parameters.createParameters(Parameters.java:700)
at org.testng.internal.Parameters.createConfigurationParameters(Parameters.java:168)
at org.testng.internal.ConfigInvoker.invokeConfigurations(ConfigInvoker.java:302)
at org.testng.TestRunner.invokeTestConfigurations(TestRunner.java:637)
at org.testng.TestRunner.beforeRun(TestRunner.java:627)
at org.testng.TestRunner.run(TestRunner.java:589)
at org.testng.SuiteRunner.runTest(SuiteRunner.java:377)
at org.testng.SuiteRunner.runSequentially(SuiteRunner.java:371)
at org.testng.SuiteRunner.privateRun(SuiteRunner.java:332)
at org.testng.SuiteRunner.run(SuiteRunner.java:276)
at org.testng.SuiteRunnerWorker.runSuite(SuiteRunnerWorker.java:53)
at org.testng.SuiteRunnerWorker.run(SuiteRunnerWorker.java:96)
at org.testng.TestNG.runSuitesSequentially(TestNG.java:1212)
at org.testng.TestNG.runSuitesLocally(TestNG.java:1134)
at org.testng.TestNG.runSuites(TestNG.java:1063)
at org.testng.TestNG.run(TestNG.java:1031)
at org.testng.remote.AbstractRemoteTestNG.run(AbstractRemoteTestNG.java:115)
at org.testng.remote.RemoteTestNG.initAndRun(RemoteTestNG.java:251)
at org.testng.remote.RemoteTestNG.main(RemoteTestNG.java:77)
]]>
    </failure>
  </testcase> <!-- @BeforeTest launchBrowser -->
  <testcase classname="Testpack.TestNg" name="@BeforeClass beforeClass" time="-1.654093073759E9">
    <skipped/>
  </testcase> <!-- @BeforeClass beforeClass -->
  <testcase classname="Testpack.TestNg" name="@BeforeMethod beforeMethod" time="-1.654093073777E9">
    <skipped/>
  </testcase> <!-- @BeforeMethod beforeMethod -->
  <testcase classname="Testpack.TestNg" name="@AfterMethod afterMethod" time="-1.654093073787E9">
    <skipped/>
  </testcase> <!-- @AfterMethod afterMethod -->
  <testcase classname="Testpack.TestNg" name="@BeforeMethod beforeMethod" time="-1.654093073788E9">
    <skipped/>
  </testcase> <!-- @BeforeMethod beforeMethod -->
  <testcase classname="Testpack.TestNg" name="@AfterMethod afterMethod" time="-1.654093073792E9">
    <skipped/>
  </testcase> <!-- @AfterMethod afterMethod -->
  <testcase classname="Testpack.TestNg" name="@BeforeMethod beforeMethod" time="-1.654093073793E9">
    <skipped/>
  </testcase> <!-- @BeforeMethod beforeMethod -->
  <testcase classname="Testpack.TestNg" name="@AfterMethod afterMethod" time="-1.654093073798E9">
    <skipped/>
  </testcase> <!-- @AfterMethod afterMethod -->
  <testcase classname="Testpack.TestNg" name="@AfterClass afterClass" time="-1.6540930738E9">
    <skipped/>
  </testcase> <!-- @AfterClass afterClass -->
  <testcase classname="Testpack.TestNg" name="Ranking" time="0.0">
    <skipped/>
  </testcase> <!-- Ranking -->
  <testcase classname="Testpack.TestNg" name="playerSearch" time="0.0">
    <skipped/>
  </testcase> <!-- playerSearch -->
  <testcase classname="Testpack.TestNg" name="t20Leauges" time="0.0">
    <skipped/>
  </testcase> <!-- t20Leauges -->
</testsuite> <!-- Default test -->
